The system is: Linux - 3.10.0-514.21.2.el7.x86_64 - x86_64
Compiling the C compiler identification source file "CMakeCCompilerId.c" succeeded.
Compiler: /bin/cc 
Build flags: 
Id flags: 

The output was:
0


Compilation of the C compiler identification source "CMakeCCompilerId.c" produced "a.out"

The C compiler identification is GNU, found in "/home/artem/gl/libs/glfw-3.2.1/CMakeFiles/2.8.12.2/CompilerIdC/a.out"

Determining if the C compiler works passed with the following output:
Change Dir: /home/artem/gl/libs/glfw-3.2.1/CMakeFiles/CMakeTmp

Run Build Command:/bin/gmake "cmTryCompileExec3290411349/fast"
/bin/gmake -f CMakeFiles/cmTryCompileExec3290411349.dir/build.make CMakeFiles/cmTryCompileExec3290411349.dir/build
gmake[1]: Entering directory `/home/artem/gl/libs/glfw-3.2.1/CMakeFiles/CMakeTmp'
/usr/bin/cmake -E cmake_progress_report /home/artem/gl/libs/glfw-3.2.1/CMakeFiles/CMakeTmp/CMakeFiles 1
Building C object CMakeFiles/cmTryCompileExec3290411349.dir/testCCompiler.c.o
/bin/cc    -o CMakeFiles/cmTryCompileExec3290411349.dir/testCCompiler.c.o   -c /home/artem/gl/libs/glfw-3.2.1/CMakeFiles/CMakeTmp/testCCompiler.c
Linking C executable cmTryCompileExec3290411349
/usr/bin/cmake -E cmake_link_script CMakeFiles/cmTryCompileExec3290411349.dir/link.txt --verbose=1
/bin/cc       CMakeFiles/cmTryCompileExec3290411349.dir/testCCompiler.c.o  -o cmTryCompileExec3290411349 -rdynamic 
gmake[1]: Leaving directory `/home/artem/gl/libs/glfw-3.2.1/CMakeFiles/CMakeTmp'


Detecting C compiler ABI info compiled with the following output:
Change Dir: /home/artem/gl/libs/glfw-3.2.1/CMakeFiles/CMakeTmp

Run Build Command:/bin/gmake "cmTryCompileExec779619943/fast"
/bin/gmake -f CMakeFiles/cmTryCompileExec779619943.dir/build.make CMakeFiles/cmTryCompileExec779619943.dir/build
gmake[1]: Entering directory `/home/artem/gl/libs/glfw-3.2.1/CMakeFiles/CMakeTmp'
/usr/bin/cmake -E cmake_progress_report /home/artem/gl/libs/glfw-3.2.1/CMakeFiles/CMakeTmp/CMakeFiles 1
Building C object CMakeFiles/cmTryCompileExec779619943.dir/CMakeCCompilerABI.c.o
/bin/cc    -o CMakeFiles/cmTryCompileExec779619943.dir/CMakeCCompilerABI.c.o   -c /usr/share/cmake/Modules/CMakeCCompilerABI.c
Linking C executable cmTryCompileExec779619943
/usr/bin/cmake -E cmake_link_script CMakeFiles/cmTryCompileExec779619943.dir/link.txt --verbose=1
/bin/cc     -v CMakeFiles/cmTryCompileExec779619943.dir/CMakeCCompilerABI.c.o  -o cmTryCompileExec779619943 -rdynamic  
Using built-in specs.
COLLECT_GCC=/bin/cc
COLLECT_LTO_WRAPPER=/usr/libexec/gcc/x86_64-redhat-linux/4.8.5/lto-wrapper
Target: x86_64-redhat-linux
Configured with: ../configure --prefix=/usr --mandir=/usr/share/man --infodir=/usr/share/info --with-bugurl=http://bugzilla.redhat.com/bugzilla --enable-bootstrap --enable-shared --enable-threads=posix --enable-checking=release --with-system-zlib --enable-__cxa_atexit --disable-libunwind-exceptions --enable-gnu-unique-object --enable-linker-build-id --with-linker-hash-style=gnu --enable-languages=c,c++,objc,obj-c++,java,fortran,ada,go,lto --enable-plugin --enable-initfini-array --disable-libgcj --with-isl=/builddir/build/BUILD/gcc-4.8.5-20150702/obj-x86_64-redhat-linux/isl-install --with-cloog=/builddir/build/BUILD/gcc-4.8.5-20150702/obj-x86_64-redhat-linux/cloog-install --enable-gnu-indirect-function --with-tune=generic --with-arch_32=x86-64 --build=x86_64-redhat-linux
Thread model: posix
gcc version 4.8.5 20150623 (Red Hat 4.8.5-11) (GCC) 
COMPILER_PATH=/usr/libexec/gcc/x86_64-redhat-linux/4.8.5/:/usr/libexec/gcc/x86_64-redhat-linux/4.8.5/:/usr/libexec/gcc/x86_64-redhat-linux/:/usr/lib/gcc/x86_64-redhat-linux/4.8.5/:/usr/lib/gcc/x86_64-redhat-linux/
LIBRARY_PATH=/usr/lib/gcc/x86_64-redhat-linux/4.8.5/:/usr/lib/gcc/x86_64-redhat-linux/4.8.5/../../../../lib64/:/lib/../lib64/:/usr/lib/../lib64/:/usr/lib/gcc/x86_64-redhat-linux/4.8.5/../../../:/lib/:/usr/lib/
COLLECT_GCC_OPTIONS='-v' '-o' 'cmTryCompileExec779619943' '-rdynamic' '-mtune=generic' '-march=x86-64'
 /usr/libexec/gcc/x86_64-redhat-linux/4.8.5/collect2 --build-id --no-add-needed --eh-frame-hdr --hash-style=gnu -m elf_x86_64 -export-dynamic -dynamic-linker /lib64/ld-linux-x86-64.so.2 -o cmTryCompileExec779619943 /usr/lib/gcc/x86_64-redhat-linux/4.8.5/../../../../lib64/crt1.o /usr/lib/gcc/x86_64-redhat-linux/4.8.5/../../../../lib64/crti.o /usr/lib/gcc/x86_64-redhat-linux/4.8.5/crtbegin.o -L/usr/lib/gcc/x86_64-redhat-linux/4.8.5 -L/usr/lib/gcc/x86_64-redhat-linux/4.8.5/../../../../lib64 -L/lib/../lib64 -L/usr/lib/../lib64 -L/usr/lib/gcc/x86_64-redhat-linux/4.8.5/../../.. CMakeFiles/cmTryCompileExec779619943.dir/CMakeCCompilerABI.c.o -lgcc --as-needed -lgcc_s --no-as-needed -lc -lgcc --as-needed -lgcc_s --no-as-needed /usr/lib/gcc/x86_64-redhat-linux/4.8.5/crtend.o /usr/lib/gcc/x86_64-redhat-linux/4.8.5/../../../../lib64/crtn.o
gmake[1]: Leaving directory `/home/artem/gl/libs/glfw-3.2.1/CMakeFiles/CMakeTmp'


Parsed C implicit link information from above output:
  link line regex: [^( *|.*[/\])(ld|([^/\]+-)?ld|collect2)[^/\]*( |$)]
  ignore line: [Change Dir: /home/artem/gl/libs/glfw-3.2.1/CMakeFiles/CMakeTmp]
  ignore line: []
  ignore line: [Run Build Command:/bin/gmake "cmTryCompileExec779619943/fast"]
  ignore line: [/bin/gmake -f CMakeFiles/cmTryCompileExec779619943.dir/build.make CMakeFiles/cmTryCompileExec779619943.dir/build]
  ignore line: [gmake[1]: Entering directory `/home/artem/gl/libs/glfw-3.2.1/CMakeFiles/CMakeTmp']
  ignore line: [/usr/bin/cmake -E cmake_progress_report /home/artem/gl/libs/glfw-3.2.1/CMakeFiles/CMakeTmp/CMakeFiles 1]
  ignore line: [Building C object CMakeFiles/cmTryCompileExec779619943.dir/CMakeCCompilerABI.c.o]
  ignore line: [/bin/cc    -o CMakeFiles/cmTryCompileExec779619943.dir/CMakeCCompilerABI.c.o   -c /usr/share/cmake/Modules/CMakeCCompilerABI.c]
  ignore line: [Linking C executable cmTryCompileExec779619943]
  ignore line: [/usr/bin/cmake -E cmake_link_script CMakeFiles/cmTryCompileExec779619943.dir/link.txt --verbose=1]
  ignore line: [/bin/cc     -v CMakeFiles/cmTryCompileExec779619943.dir/CMakeCCompilerABI.c.o  -o cmTryCompileExec779619943 -rdynamic  ]
  ignore line: [Using built-in specs.]
  ignore line: [COLLECT_GCC=/bin/cc]
  ignore line: [COLLECT_LTO_WRAPPER=/usr/libexec/gcc/x86_64-redhat-linux/4.8.5/lto-wrapper]
  ignore line: [Target: x86_64-redhat-linux]
  ignore line: [Configured with: ../configure --prefix=/usr --mandir=/usr/share/man --infodir=/usr/share/info --with-bugurl=http://bugzilla.redhat.com/bugzilla --enable-bootstrap --enable-shared --enable-threads=posix --enable-checking=release --with-system-zlib --enable-__cxa_atexit --disable-libunwind-exceptions --enable-gnu-unique-object --enable-linker-build-id --with-linker-hash-style=gnu --enable-languages=c,c++,objc,obj-c++,java,fortran,ada,go,lto --enable-plugin --enable-initfini-array --disable-libgcj --with-isl=/builddir/build/BUILD/gcc-4.8.5-20150702/obj-x86_64-redhat-linux/isl-install --with-cloog=/builddir/build/BUILD/gcc-4.8.5-20150702/obj-x86_64-redhat-linux/cloog-install --enable-gnu-indirect-function --with-tune=generic --with-arch_32=x86-64 --build=x86_64-redhat-linux]
  ignore line: [Thread model: posix]
  ignore line: [gcc version 4.8.5 20150623 (Red Hat 4.8.5-11) (GCC) ]
  ignore line: [COMPILER_PATH=/usr/libexec/gcc/x86_64-redhat-linux/4.8.5/:/usr/libexec/gcc/x86_64-redhat-linux/4.8.5/:/usr/libexec/gcc/x86_64-redhat-linux/:/usr/lib/gcc/x86_64-redhat-linux/4.8.5/:/usr/lib/gcc/x86_64-redhat-linux/]
  ignore line: [LIBRARY_PATH=/usr/lib/gcc/x86_64-redhat-linux/4.8.5/:/usr/lib/gcc/x86_64-redhat-linux/4.8.5/../../../../lib64/:/lib/../lib64/:/usr/lib/../lib64/:/usr/lib/gcc/x86_64-redhat-linux/4.8.5/../../../:/lib/:/usr/lib/]
  ignore line: [COLLECT_GCC_OPTIONS='-v' '-o' 'cmTryCompileExec779619943' '-rdynamic' '-mtune=generic' '-march=x86-64']
  link line: [ /usr/libexec/gcc/x86_64-redhat-linux/4.8.5/collect2 --build-id --no-add-needed --eh-frame-hdr --hash-style=gnu -m elf_x86_64 -export-dynamic -dynamic-linker /lib64/ld-linux-x86-64.so.2 -o cmTryCompileExec779619943 /usr/lib/gcc/x86_64-redhat-linux/4.8.5/../../../../lib64/crt1.o /usr/lib/gcc/x86_64-redhat-linux/4.8.5/../../../../lib64/crti.o /usr/lib/gcc/x86_64-redhat-linux/4.8.5/crtbegin.o -L/usr/lib/gcc/x86_64-redhat-linux/4.8.5 -L/usr/lib/gcc/x86_64-redhat-linux/4.8.5/../../../../lib64 -L/lib/../lib64 -L/usr/lib/../lib64 -L/usr/lib/gcc/x86_64-redhat-linux/4.8.5/../../.. CMakeFiles/cmTryCompileExec779619943.dir/CMakeCCompilerABI.c.o -lgcc --as-needed -lgcc_s --no-as-needed -lc -lgcc --as-needed -lgcc_s --no-as-needed /usr/lib/gcc/x86_64-redhat-linux/4.8.5/crtend.o /usr/lib/gcc/x86_64-redhat-linux/4.8.5/../../../../lib64/crtn.o]
    arg [/usr/libexec/gcc/x86_64-redhat-linux/4.8.5/collect2] ==> ignore
    arg [--build-id] ==> ignore
    arg [--no-add-needed] ==> ignore
    arg [--eh-frame-hdr] ==> ignore
    arg [--hash-style=gnu] ==> ignore
    arg [-m] ==> ignore
    arg [elf_x86_64] ==> ignore
    arg [-export-dynamic] ==> ignore
    arg [-dynamic-linker] ==> ignore
    arg [/lib64/ld-linux-x86-64.so.2] ==> ignore
    arg [-o] ==> ignore
    arg [cmTryCompileExec779619943] ==> ignore
    arg [/usr/lib/gcc/x86_64-redhat-linux/4.8.5/../../../../lib64/crt1.o] ==> ignore
    arg [/usr/lib/gcc/x86_64-redhat-linux/4.8.5/../../../../lib64/crti.o] ==> ignore
    arg [/usr/lib/gcc/x86_64-redhat-linux/4.8.5/crtbegin.o] ==> ignore
    arg [-L/usr/lib/gcc/x86_64-redhat-linux/4.8.5] ==> dir [/usr/lib/gcc/x86_64-redhat-linux/4.8.5]
    arg [-L/usr/lib/gcc/x86_64-redhat-linux/4.8.5/../../../../lib64] ==> dir [/usr/lib/gcc/x86_64-redhat-linux/4.8.5/../../../../lib64]
    arg [-L/lib/../lib64] ==> dir [/lib/../lib64]
    arg [-L/usr/lib/../lib64] ==> dir [/usr/lib/../lib64]
    arg [-L/usr/lib/gcc/x86_64-redhat-linux/4.8.5/../../..] ==> dir [/usr/lib/gcc/x86_64-redhat-linux/4.8.5/../../..]
    arg [CMakeFiles/cmTryCompileExec779619943.dir/CMakeCCompilerABI.c.o] ==> ignore
    arg [-lgcc] ==> lib [gcc]
    arg [--as-needed] ==> ignore
    arg [-lgcc_s] ==> lib [gcc_s]
    arg [--no-as-needed] ==> ignore
    arg [-lc] ==> lib [c]
    arg [-lgcc] ==> lib [gcc]
    arg [--as-needed] ==> ignore
    arg [-lgcc_s] ==> lib [gcc_s]
    arg [--no-as-needed] ==> ignore
    arg [/usr/lib/gcc/x86_64-redhat-linux/4.8.5/crtend.o] ==> ignore
    arg [/usr/lib/gcc/x86_64-redhat-linux/4.8.5/../../../../lib64/crtn.o] ==> ignore
  remove lib [gcc]
  remove lib [gcc_s]
  remove lib [gcc]
  remove lib [gcc_s]
  collapse library dir [/usr/lib/gcc/x86_64-redhat-linux/4.8.5] ==> [/usr/lib/gcc/x86_64-redhat-linux/4.8.5]
  collapse library dir [/usr/lib/gcc/x86_64-redhat-linux/4.8.5/../../../../lib64] ==> [/usr/lib64]
  collapse library dir [/lib/../lib64] ==> [/lib64]
  collapse library dir [/usr/lib/../lib64] ==> [/usr/lib64]
  collapse library dir [/usr/lib/gcc/x86_64-redhat-linux/4.8.5/../../..] ==> [/usr/lib]
  implicit libs: [c]
  implicit dirs: [/usr/lib/gcc/x86_64-redhat-linux/4.8.5;/usr/lib64;/lib64;/usr/lib]
  implicit fwks: []


Determining if files pthread.h exist passed with the following output:
Change Dir: /home/artem/gl/libs/glfw-3.2.1/CMakeFiles/CMakeTmp

Run Build Command:/bin/gmake "cmTryCompileExec1386024673/fast"
/bin/gmake -f CMakeFiles/cmTryCompileExec1386024673.dir/build.make CMakeFiles/cmTryCompileExec1386024673.dir/build
gmake[1]: Entering directory `/home/artem/gl/libs/glfw-3.2.1/CMakeFiles/CMakeTmp'
/usr/bin/cmake -E cmake_progress_report /home/artem/gl/libs/glfw-3.2.1/CMakeFiles/CMakeTmp/CMakeFiles 1
Building C object CMakeFiles/cmTryCompileExec1386024673.dir/CheckIncludeFiles.c.o
/bin/cc    -o CMakeFiles/cmTryCompileExec1386024673.dir/CheckIncludeFiles.c.o   -c /home/artem/gl/libs/glfw-3.2.1/CMakeFiles/CMakeTmp/CheckIncludeFiles.c
Linking C executable cmTryCompileExec1386024673
/usr/bin/cmake -E cmake_link_script CMakeFiles/cmTryCompileExec1386024673.dir/link.txt --verbose=1
/bin/cc       CMakeFiles/cmTryCompileExec1386024673.dir/CheckIncludeFiles.c.o  -o cmTryCompileExec1386024673 -rdynamic 
gmake[1]: Leaving directory `/home/artem/gl/libs/glfw-3.2.1/CMakeFiles/CMakeTmp'


Determining if the function pthread_create exists in the pthread passed with the following output:
Change Dir: /home/artem/gl/libs/glfw-3.2.1/CMakeFiles/CMakeTmp

Run Build Command:/bin/gmake "cmTryCompileExec1590337880/fast"
/bin/gmake -f CMakeFiles/cmTryCompileExec1590337880.dir/build.make CMakeFiles/cmTryCompileExec1590337880.dir/build
gmake[1]: Entering directory `/home/artem/gl/libs/glfw-3.2.1/CMakeFiles/CMakeTmp'
/usr/bin/cmake -E cmake_progress_report /home/artem/gl/libs/glfw-3.2.1/CMakeFiles/CMakeTmp/CMakeFiles 1
Building C object CMakeFiles/cmTryCompileExec1590337880.dir/CheckFunctionExists.c.o
/bin/cc   -DCHECK_FUNCTION_EXISTS=pthread_create   -o CMakeFiles/cmTryCompileExec1590337880.dir/CheckFunctionExists.c.o   -c /usr/share/cmake/Modules/CheckFunctionExists.c
Linking C executable cmTryCompileExec1590337880
/usr/bin/cmake -E cmake_link_script CMakeFiles/cmTryCompileExec1590337880.dir/link.txt --verbose=1
/bin/cc   -DCHECK_FUNCTION_EXISTS=pthread_create    CMakeFiles/cmTryCompileExec1590337880.dir/CheckFunctionExists.c.o  -o cmTryCompileExec1590337880 -rdynamic -lpthread 
gmake[1]: Leaving directory `/home/artem/gl/libs/glfw-3.2.1/CMakeFiles/CMakeTmp'


Determining if the function XOpenDisplay exists in the /usr/lib64/libX11.so passed with the following output:
Change Dir: /home/artem/gl/libs/glfw-3.2.1/CMakeFiles/CMakeTmp

Run Build Command:/bin/gmake "cmTryCompileExec2369570390/fast"
/bin/gmake -f CMakeFiles/cmTryCompileExec2369570390.dir/build.make CMakeFiles/cmTryCompileExec2369570390.dir/build
gmake[1]: Entering directory `/home/artem/gl/libs/glfw-3.2.1/CMakeFiles/CMakeTmp'
/usr/bin/cmake -E cmake_progress_report /home/artem/gl/libs/glfw-3.2.1/CMakeFiles/CMakeTmp/CMakeFiles 1
Building C object CMakeFiles/cmTryCompileExec2369570390.dir/CheckFunctionExists.c.o
/bin/cc   -DCHECK_FUNCTION_EXISTS=XOpenDisplay   -o CMakeFiles/cmTryCompileExec2369570390.dir/CheckFunctionExists.c.o   -c /usr/share/cmake/Modules/CheckFunctionExists.c
Linking C executable cmTryCompileExec2369570390
/usr/bin/cmake -E cmake_link_script CMakeFiles/cmTryCompileExec2369570390.dir/link.txt --verbose=1
/bin/cc   -DCHECK_FUNCTION_EXISTS=XOpenDisplay    CMakeFiles/cmTryCompileExec2369570390.dir/CheckFunctionExists.c.o  -o cmTryCompileExec2369570390 -rdynamic -lX11 
gmake[1]: Leaving directory `/home/artem/gl/libs/glfw-3.2.1/CMakeFiles/CMakeTmp'


Determining if the function gethostbyname exists passed with the following output:
Change Dir: /home/artem/gl/libs/glfw-3.2.1/CMakeFiles/CMakeTmp

Run Build Command:/bin/gmake "cmTryCompileExec2975685692/fast"
/bin/gmake -f CMakeFiles/cmTryCompileExec2975685692.dir/build.make CMakeFiles/cmTryCompileExec2975685692.dir/build
gmake[1]: Entering directory `/home/artem/gl/libs/glfw-3.2.1/CMakeFiles/CMakeTmp'
/usr/bin/cmake -E cmake_progress_report /home/artem/gl/libs/glfw-3.2.1/CMakeFiles/CMakeTmp/CMakeFiles 1
Building C object CMakeFiles/cmTryCompileExec2975685692.dir/CheckFunctionExists.c.o
/bin/cc   -DCHECK_FUNCTION_EXISTS=gethostbyname   -o CMakeFiles/cmTryCompileExec2975685692.dir/CheckFunctionExists.c.o   -c /usr/share/cmake/Modules/CheckFunctionExists.c
Linking C executable cmTryCompileExec2975685692
/usr/bin/cmake -E cmake_link_script CMakeFiles/cmTryCompileExec2975685692.dir/link.txt --verbose=1
/bin/cc   -DCHECK_FUNCTION_EXISTS=gethostbyname    CMakeFiles/cmTryCompileExec2975685692.dir/CheckFunctionExists.c.o  -o cmTryCompileExec2975685692 -rdynamic 
gmake[1]: Leaving directory `/home/artem/gl/libs/glfw-3.2.1/CMakeFiles/CMakeTmp'


Determining if the function connect exists passed with the following output:
Change Dir: /home/artem/gl/libs/glfw-3.2.1/CMakeFiles/CMakeTmp

Run Build Command:/bin/gmake "cmTryCompileExec2665378578/fast"
/bin/gmake -f CMakeFiles/cmTryCompileExec2665378578.dir/build.make CMakeFiles/cmTryCompileExec2665378578.dir/build
gmake[1]: Entering directory `/home/artem/gl/libs/glfw-3.2.1/CMakeFiles/CMakeTmp'
/usr/bin/cmake -E cmake_progress_report /home/artem/gl/libs/glfw-3.2.1/CMakeFiles/CMakeTmp/CMakeFiles 1
Building C object CMakeFiles/cmTryCompileExec2665378578.dir/CheckFunctionExists.c.o
/bin/cc   -DCHECK_FUNCTION_EXISTS=connect   -o CMakeFiles/cmTryCompileExec2665378578.dir/CheckFunctionExists.c.o   -c /usr/share/cmake/Modules/CheckFunctionExists.c
Linking C executable cmTryCompileExec2665378578
/usr/bin/cmake -E cmake_link_script CMakeFiles/cmTryCompileExec2665378578.dir/link.txt --verbose=1
/bin/cc   -DCHECK_FUNCTION_EXISTS=connect    CMakeFiles/cmTryCompileExec2665378578.dir/CheckFunctionExists.c.o  -o cmTryCompileExec2665378578 -rdynamic 
gmake[1]: Leaving directory `/home/artem/gl/libs/glfw-3.2.1/CMakeFiles/CMakeTmp'


Determining if the function remove exists passed with the following output:
Change Dir: /home/artem/gl/libs/glfw-3.2.1/CMakeFiles/CMakeTmp

Run Build Command:/bin/gmake "cmTryCompileExec440183226/fast"
/bin/gmake -f CMakeFiles/cmTryCompileExec440183226.dir/build.make CMakeFiles/cmTryCompileExec440183226.dir/build
gmake[1]: Entering directory `/home/artem/gl/libs/glfw-3.2.1/CMakeFiles/CMakeTmp'
/usr/bin/cmake -E cmake_progress_report /home/artem/gl/libs/glfw-3.2.1/CMakeFiles/CMakeTmp/CMakeFiles 1
Building C object CMakeFiles/cmTryCompileExec440183226.dir/CheckFunctionExists.c.o
/bin/cc   -DCHECK_FUNCTION_EXISTS=remove   -o CMakeFiles/cmTryCompileExec440183226.dir/CheckFunctionExists.c.o   -c /usr/share/cmake/Modules/CheckFunctionExists.c
Linking C executable cmTryCompileExec440183226
/usr/bin/cmake -E cmake_link_script CMakeFiles/cmTryCompileExec440183226.dir/link.txt --verbose=1
/bin/cc   -DCHECK_FUNCTION_EXISTS=remove    CMakeFiles/cmTryCompileExec440183226.dir/CheckFunctionExists.c.o  -o cmTryCompileExec440183226 -rdynamic 
gmake[1]: Leaving directory `/home/artem/gl/libs/glfw-3.2.1/CMakeFiles/CMakeTmp'


Determining if the function shmat exists passed with the following output:
Change Dir: /home/artem/gl/libs/glfw-3.2.1/CMakeFiles/CMakeTmp

Run Build Command:/bin/gmake "cmTryCompileExec1978052585/fast"
/bin/gmake -f CMakeFiles/cmTryCompileExec1978052585.dir/build.make CMakeFiles/cmTryCompileExec1978052585.dir/build
gmake[1]: Entering directory `/home/artem/gl/libs/glfw-3.2.1/CMakeFiles/CMakeTmp'
/usr/bin/cmake -E cmake_progress_report /home/artem/gl/libs/glfw-3.2.1/CMakeFiles/CMakeTmp/CMakeFiles 1
Building C object CMakeFiles/cmTryCompileExec1978052585.dir/CheckFunctionExists.c.o
/bin/cc   -DCHECK_FUNCTION_EXISTS=shmat   -o CMakeFiles/cmTryCompileExec1978052585.dir/CheckFunctionExists.c.o   -c /usr/share/cmake/Modules/CheckFunctionExists.c
Linking C executable cmTryCompileExec1978052585
/usr/bin/cmake -E cmake_link_script CMakeFiles/cmTryCompileExec1978052585.dir/link.txt --verbose=1
/bin/cc   -DCHECK_FUNCTION_EXISTS=shmat    CMakeFiles/cmTryCompileExec1978052585.dir/CheckFunctionExists.c.o  -o cmTryCompileExec1978052585 -rdynamic 
gmake[1]: Leaving directory `/home/artem/gl/libs/glfw-3.2.1/CMakeFiles/CMakeTmp'


Determining if files pthread.h exist passed with the following output:
Change Dir: /home/artem/gl/project/libs/glfw-3.2.1/CMakeFiles/CMakeTmp

Run Build Command:/bin/gmake "cmTryCompileExec834729206/fast"
/bin/gmake -f CMakeFiles/cmTryCompileExec834729206.dir/build.make CMakeFiles/cmTryCompileExec834729206.dir/build
gmake[1]: Entering directory `/home/artem/gl/project/libs/glfw-3.2.1/CMakeFiles/CMakeTmp'
/usr/bin/cmake -E cmake_progress_report /home/artem/gl/project/libs/glfw-3.2.1/CMakeFiles/CMakeTmp/CMakeFiles 1
Building C object CMakeFiles/cmTryCompileExec834729206.dir/CheckIncludeFiles.c.o
/bin/cc    -o CMakeFiles/cmTryCompileExec834729206.dir/CheckIncludeFiles.c.o   -c /home/artem/gl/project/libs/glfw-3.2.1/CMakeFiles/CMakeTmp/CheckIncludeFiles.c
Linking C executable cmTryCompileExec834729206
/usr/bin/cmake -E cmake_link_script CMakeFiles/cmTryCompileExec834729206.dir/link.txt --verbose=1
/bin/cc       CMakeFiles/cmTryCompileExec834729206.dir/CheckIncludeFiles.c.o  -o cmTryCompileExec834729206 -rdynamic 
gmake[1]: Leaving directory `/home/artem/gl/project/libs/glfw-3.2.1/CMakeFiles/CMakeTmp'


Determining if the function pthread_create exists in the pthread passed with the following output:
Change Dir: /home/artem/gl/project/libs/glfw-3.2.1/CMakeFiles/CMakeTmp

Run Build Command:/bin/gmake "cmTryCompileExec544293376/fast"
/bin/gmake -f CMakeFiles/cmTryCompileExec544293376.dir/build.make CMakeFiles/cmTryCompileExec544293376.dir/build
gmake[1]: Entering directory `/home/artem/gl/project/libs/glfw-3.2.1/CMakeFiles/CMakeTmp'
/usr/bin/cmake -E cmake_progress_report /home/artem/gl/project/libs/glfw-3.2.1/CMakeFiles/CMakeTmp/CMakeFiles 1
Building C object CMakeFiles/cmTryCompileExec544293376.dir/CheckFunctionExists.c.o
/bin/cc   -DCHECK_FUNCTION_EXISTS=pthread_create   -o CMakeFiles/cmTryCompileExec544293376.dir/CheckFunctionExists.c.o   -c /usr/share/cmake/Modules/CheckFunctionExists.c
Linking C executable cmTryCompileExec544293376
/usr/bin/cmake -E cmake_link_script CMakeFiles/cmTryCompileExec544293376.dir/link.txt --verbose=1
/bin/cc   -DCHECK_FUNCTION_EXISTS=pthread_create    CMakeFiles/cmTryCompileExec544293376.dir/CheckFunctionExists.c.o  -o cmTryCompileExec544293376 -rdynamic -lpthread 
gmake[1]: Leaving directory `/home/artem/gl/project/libs/glfw-3.2.1/CMakeFiles/CMakeTmp'


Determining if the function XOpenDisplay exists in the /usr/lib64/libX11.so;/usr/lib64/libXext.so passed with the following output:
Change Dir: /home/artem/gl/project/libs/glfw-3.2.1/CMakeFiles/CMakeTmp

Run Build Command:/bin/gmake "cmTryCompileExec4131100340/fast"
/bin/gmake -f CMakeFiles/cmTryCompileExec4131100340.dir/build.make CMakeFiles/cmTryCompileExec4131100340.dir/build
gmake[1]: Entering directory `/home/artem/gl/project/libs/glfw-3.2.1/CMakeFiles/CMakeTmp'
/usr/bin/cmake -E cmake_progress_report /home/artem/gl/project/libs/glfw-3.2.1/CMakeFiles/CMakeTmp/CMakeFiles 1
Building C object CMakeFiles/cmTryCompileExec4131100340.dir/CheckFunctionExists.c.o
/bin/cc   -DCHECK_FUNCTION_EXISTS=XOpenDisplay   -o CMakeFiles/cmTryCompileExec4131100340.dir/CheckFunctionExists.c.o   -c /usr/share/cmake/Modules/CheckFunctionExists.c
Linking C executable cmTryCompileExec4131100340
/usr/bin/cmake -E cmake_link_script CMakeFiles/cmTryCompileExec4131100340.dir/link.txt --verbose=1
/bin/cc   -DCHECK_FUNCTION_EXISTS=XOpenDisplay    CMakeFiles/cmTryCompileExec4131100340.dir/CheckFunctionExists.c.o  -o cmTryCompileExec4131100340 -rdynamic -lX11 -lXext 
gmake[1]: Leaving directory `/home/artem/gl/project/libs/glfw-3.2.1/CMakeFiles/CMakeTmp'


Determining if the function gethostbyname exists passed with the following output:
Change Dir: /home/artem/gl/project/libs/glfw-3.2.1/CMakeFiles/CMakeTmp

Run Build Command:/bin/gmake "cmTryCompileExec4216180057/fast"
/bin/gmake -f CMakeFiles/cmTryCompileExec4216180057.dir/build.make CMakeFiles/cmTryCompileExec4216180057.dir/build
gmake[1]: Entering directory `/home/artem/gl/project/libs/glfw-3.2.1/CMakeFiles/CMakeTmp'
/usr/bin/cmake -E cmake_progress_report /home/artem/gl/project/libs/glfw-3.2.1/CMakeFiles/CMakeTmp/CMakeFiles 1
Building C object CMakeFiles/cmTryCompileExec4216180057.dir/CheckFunctionExists.c.o
/bin/cc   -DCHECK_FUNCTION_EXISTS=gethostbyname   -o CMakeFiles/cmTryCompileExec4216180057.dir/CheckFunctionExists.c.o   -c /usr/share/cmake/Modules/CheckFunctionExists.c
Linking C executable cmTryCompileExec4216180057
/usr/bin/cmake -E cmake_link_script CMakeFiles/cmTryCompileExec4216180057.dir/link.txt --verbose=1
/bin/cc   -DCHECK_FUNCTION_EXISTS=gethostbyname    CMakeFiles/cmTryCompileExec4216180057.dir/CheckFunctionExists.c.o  -o cmTryCompileExec4216180057 -rdynamic 
gmake[1]: Leaving directory `/home/artem/gl/project/libs/glfw-3.2.1/CMakeFiles/CMakeTmp'


Determining if the function connect exists passed with the following output:
Change Dir: /home/artem/gl/project/libs/glfw-3.2.1/CMakeFiles/CMakeTmp

Run Build Command:/bin/gmake "cmTryCompileExec2292118586/fast"
/bin/gmake -f CMakeFiles/cmTryCompileExec2292118586.dir/build.make CMakeFiles/cmTryCompileExec2292118586.dir/build
gmake[1]: Entering directory `/home/artem/gl/project/libs/glfw-3.2.1/CMakeFiles/CMakeTmp'
/usr/bin/cmake -E cmake_progress_report /home/artem/gl/project/libs/glfw-3.2.1/CMakeFiles/CMakeTmp/CMakeFiles 1
Building C object CMakeFiles/cmTryCompileExec2292118586.dir/CheckFunctionExists.c.o
/bin/cc   -DCHECK_FUNCTION_EXISTS=connect   -o CMakeFiles/cmTryCompileExec2292118586.dir/CheckFunctionExists.c.o   -c /usr/share/cmake/Modules/CheckFunctionExists.c
Linking C executable cmTryCompileExec2292118586
/usr/bin/cmake -E cmake_link_script CMakeFiles/cmTryCompileExec2292118586.dir/link.txt --verbose=1
/bin/cc   -DCHECK_FUNCTION_EXISTS=connect    CMakeFiles/cmTryCompileExec2292118586.dir/CheckFunctionExists.c.o  -o cmTryCompileExec2292118586 -rdynamic 
gmake[1]: Leaving directory `/home/artem/gl/project/libs/glfw-3.2.1/CMakeFiles/CMakeTmp'


Determining if the function remove exists passed with the following output:
Change Dir: /home/artem/gl/project/libs/glfw-3.2.1/CMakeFiles/CMakeTmp

Run Build Command:/bin/gmake "cmTryCompileExec2424814200/fast"
/bin/gmake -f CMakeFiles/cmTryCompileExec2424814200.dir/build.make CMakeFiles/cmTryCompileExec2424814200.dir/build
gmake[1]: Entering directory `/home/artem/gl/project/libs/glfw-3.2.1/CMakeFiles/CMakeTmp'
/usr/bin/cmake -E cmake_progress_report /home/artem/gl/project/libs/glfw-3.2.1/CMakeFiles/CMakeTmp/CMakeFiles 1
Building C object CMakeFiles/cmTryCompileExec2424814200.dir/CheckFunctionExists.c.o
/bin/cc   -DCHECK_FUNCTION_EXISTS=remove   -o CMakeFiles/cmTryCompileExec2424814200.dir/CheckFunctionExists.c.o   -c /usr/share/cmake/Modules/CheckFunctionExists.c
Linking C executable cmTryCompileExec2424814200
/usr/bin/cmake -E cmake_link_script CMakeFiles/cmTryCompileExec2424814200.dir/link.txt --verbose=1
/bin/cc   -DCHECK_FUNCTION_EXISTS=remove    CMakeFiles/cmTryCompileExec2424814200.dir/CheckFunctionExists.c.o  -o cmTryCompileExec2424814200 -rdynamic 
gmake[1]: Leaving directory `/home/artem/gl/project/libs/glfw-3.2.1/CMakeFiles/CMakeTmp'


Determining if the function shmat exists passed with the following output:
Change Dir: /home/artem/gl/project/libs/glfw-3.2.1/CMakeFiles/CMakeTmp

Run Build Command:/bin/gmake "cmTryCompileExec626076051/fast"
/bin/gmake -f CMakeFiles/cmTryCompileExec626076051.dir/build.make CMakeFiles/cmTryCompileExec626076051.dir/build
gmake[1]: Entering directory `/home/artem/gl/project/libs/glfw-3.2.1/CMakeFiles/CMakeTmp'
/usr/bin/cmake -E cmake_progress_report /home/artem/gl/project/libs/glfw-3.2.1/CMakeFiles/CMakeTmp/CMakeFiles 1
Building C object CMakeFiles/cmTryCompileExec626076051.dir/CheckFunctionExists.c.o
/bin/cc   -DCHECK_FUNCTION_EXISTS=shmat   -o CMakeFiles/cmTryCompileExec626076051.dir/CheckFunctionExists.c.o   -c /usr/share/cmake/Modules/CheckFunctionExists.c
Linking C executable cmTryCompileExec626076051
/usr/bin/cmake -E cmake_link_script CMakeFiles/cmTryCompileExec626076051.dir/link.txt --verbose=1
/bin/cc   -DCHECK_FUNCTION_EXISTS=shmat    CMakeFiles/cmTryCompileExec626076051.dir/CheckFunctionExists.c.o  -o cmTryCompileExec626076051 -rdynamic 
gmake[1]: Leaving directory `/home/artem/gl/project/libs/glfw-3.2.1/CMakeFiles/CMakeTmp'


